<?xml version="1.0" encoding="UTF-8"?>
<testng-results ignored="0" total="4" passed="4" failed="0" skipped="0">
  <reporter-output>
  </reporter-output>
  <suite started-at="2023-08-13T12:44:11 IST" name="Suite" finished-at="2023-08-13T12:44:29 IST" duration-ms="17974">
    <groups>
    </groups>
    <test started-at="2023-08-13T12:44:11 IST" name="Test1" finished-at="2023-08-13T12:44:27 IST" duration-ms="16450">
      <class name="com.actitime.testscript.CustomerModule">
        <test-method is-config="true" signature="openBrowser(java.lang.String)[pri:0, instance:com.actitime.testscript.CustomerModule@6cf0e0ba]" started-at="2023-08-13T12:44:11 IST" name="openBrowser" finished-at="2023-08-13T12:44:18 IST" duration-ms="6871" status="PASS">
          <params>
            <param index="0">
              <value>
                <![CDATA[chrome]]>
              </value>
            </param>
          </params>
          <reporter-output>
          </reporter-output>
        </test-method> <!-- openBrowser -->
        <test-method is-config="true" signature="login()[pri:0, instance:com.actitime.testscript.CustomerModule@6cf0e0ba]" started-at="2023-08-13T12:44:18 IST" name="login" finished-at="2023-08-13T12:44:18 IST" duration-ms="549" status="PASS">
          <reporter-output>
          </reporter-output>
        </test-method> <!-- login -->
        <test-method signature="createCustomer()[pri:0, instance:com.actitime.testscript.CustomerModule@6cf0e0ba]" started-at="2023-08-13T12:44:18 IST" name="createCustomer" finished-at="2023-08-13T12:44:18 IST" duration-ms="8" status="PASS">
          <reporter-output>
          </reporter-output>
        </test-method> <!-- createCustomer -->
        <test-method is-config="true" signature="logout()[pri:0, instance:com.actitime.testscript.CustomerModule@6cf0e0ba]" started-at="2023-08-13T12:44:18 IST" name="logout" finished-at="2023-08-13T12:44:23 IST" duration-ms="4490" status="PASS">
          <reporter-output>
          </reporter-output>
        </test-method> <!-- logout -->
        <test-method is-config="true" signature="login()[pri:0, instance:com.actitime.testscript.CustomerModule@6cf0e0ba]" started-at="2023-08-13T12:44:23 IST" name="login" finished-at="2023-08-13T12:44:23 IST" duration-ms="319" status="PASS">
          <reporter-output>
          </reporter-output>
        </test-method> <!-- login -->
        <test-method signature="deleteCustomer()[pri:0, instance:com.actitime.testscript.CustomerModule@6cf0e0ba]" started-at="2023-08-13T12:44:23 IST" name="deleteCustomer" finished-at="2023-08-13T12:44:23 IST" duration-ms="2" status="PASS">
          <reporter-output>
          </reporter-output>
        </test-method> <!-- deleteCustomer -->
        <test-method is-config="true" signature="logout()[pri:0, instance:com.actitime.testscript.CustomerModule@6cf0e0ba]" started-at="2023-08-13T12:44:23 IST" name="logout" finished-at="2023-08-13T12:44:27 IST" duration-ms="3763" status="PASS">
          <reporter-output>
          </reporter-output>
        </test-method> <!-- logout -->
        <test-method is-config="true" signature="closeBrowser()[pri:0, instance:com.actitime.testscript.CustomerModule@6cf0e0ba]" started-at="2023-08-13T12:44:27 IST" name="closeBrowser" finished-at="2023-08-13T12:44:27 IST" duration-ms="381" status="PASS">
          <reporter-output>
          </reporter-output>
        </test-method> <!-- closeBrowser -->
      </class> <!-- com.actitime.testscript.CustomerModule -->
    </test> <!-- Test1 -->
    <test started-at="2023-08-13T12:44:11 IST" name="Test2" finished-at="2023-08-13T12:44:29 IST" duration-ms="17974">
      <class name="com.actitime.testscript.CustomerModule">
        <test-method is-config="true" signature="openBrowser(java.lang.String)[pri:0, instance:com.actitime.testscript.CustomerModule@36fc695d]" started-at="2023-08-13T12:44:11 IST" name="openBrowser" finished-at="2023-08-13T12:44:20 IST" duration-ms="8672" status="PASS">
          <params>
            <param index="0">
              <value>
                <![CDATA[edge]]>
              </value>
            </param>
          </params>
          <reporter-output>
          </reporter-output>
        </test-method> <!-- openBrowser -->
        <test-method is-config="true" signature="login()[pri:0, instance:com.actitime.testscript.CustomerModule@36fc695d]" started-at="2023-08-13T12:44:20 IST" name="login" finished-at="2023-08-13T12:44:20 IST" duration-ms="542" status="PASS">
          <reporter-output>
          </reporter-output>
        </test-method> <!-- login -->
        <test-method signature="createCustomer()[pri:0, instance:com.actitime.testscript.CustomerModule@36fc695d]" started-at="2023-08-13T12:44:20 IST" name="createCustomer" finished-at="2023-08-13T12:44:20 IST" duration-ms="5" status="PASS">
          <reporter-output>
          </reporter-output>
        </test-method> <!-- createCustomer -->
        <test-method is-config="true" signature="logout()[pri:0, instance:com.actitime.testscript.CustomerModule@36fc695d]" started-at="2023-08-13T12:44:20 IST" name="logout" finished-at="2023-08-13T12:44:25 IST" duration-ms="4578" status="PASS">
          <reporter-output>
          </reporter-output>
        </test-method> <!-- logout -->
        <test-method is-config="true" signature="login()[pri:0, instance:com.actitime.testscript.CustomerModule@36fc695d]" started-at="2023-08-13T12:44:25 IST" name="login" finished-at="2023-08-13T12:44:25 IST" duration-ms="243" status="PASS">
          <reporter-output>
          </reporter-output>
        </test-method> <!-- login -->
        <test-method signature="deleteCustomer()[pri:0, instance:com.actitime.testscript.CustomerModule@36fc695d]" started-at="2023-08-13T12:44:25 IST" name="deleteCustomer" finished-at="2023-08-13T12:44:25 IST" duration-ms="2" status="PASS">
          <reporter-output>
          </reporter-output>
        </test-method> <!-- deleteCustomer -->
        <test-method is-config="true" signature="logout()[pri:0, instance:com.actitime.testscript.CustomerModule@36fc695d]" started-at="2023-08-13T12:44:25 IST" name="logout" finished-at="2023-08-13T12:44:29 IST" duration-ms="3608" status="PASS">
          <reporter-output>
          </reporter-output>
        </test-method> <!-- logout -->
        <test-method is-config="true" signature="closeBrowser()[pri:0, instance:com.actitime.testscript.CustomerModule@36fc695d]" started-at="2023-08-13T12:44:29 IST" name="closeBrowser" finished-at="2023-08-13T12:44:29 IST" duration-ms="284" status="PASS">
          <reporter-output>
          </reporter-output>
        </test-method> <!-- closeBrowser -->
      </class> <!-- com.actitime.testscript.CustomerModule -->
    </test> <!-- Test2 -->
  </suite> <!-- Suite -->
</testng-results>
