<?xml version="1.0" encoding="UTF-8"?>
<!-- Generated by org.testng.reporters.JUnitXMLReporter -->
<testsuite ignored="0" hostname="Dell-Laptop-3rd-Floor-room2" failures="0" tests="2" name="Test2" time="5.617" errors="0" timestamp="2023-08-13T12:44:38 IST">
  <testcase classname="com.actitime.testscript.CustomerModule" name="createCustomer" time="0.0">
    <skipped/>
  </testcase> <!-- createCustomer -->
  <testcase classname="com.actitime.testscript.CustomerModule" name="deleteCustomer" time="0.001">
    <skipped/>
  </testcase> <!-- deleteCustomer -->
</testsuite> <!-- Test2 -->
