<?xml version="1.0" encoding="UTF-8"?>
<!-- Generated by org.testng.reporters.JUnitXMLReporter -->
<testsuite ignored="0" hostname="Dell-Laptop-3rd-Floor-room2" failures="0" tests="2" name="Default test" time="46.188" errors="0" timestamp="2023-08-13T11:58:50 IST">
  <testcase classname="com.actitime.testscript.CustomerModule" name="createCustomer" time="24.428"/>
  <testcase classname="com.actitime.testscript.CustomerModule" name="deleteCustomer" time="10.313"/>
</testsuite> <!-- Default test -->
